<?xml version="1.0" encoding="UTF-8"?>
<!-- Generated by org.testng.reporters.JUnitReportReporter -->
<testsuite skipped="0" hostname="LAPTOP-P9RRP0CT" name="com.orangehrm.testcases.LoginPageTest" tests="2" failures="0" timestamp="01 Jun 2020 17:43:15 GMT" time="42.316" errors="0">
  <testcase name="LoginPageTitleTest" time="20.121" classname="com.orangehrm.testcases.LoginPageTest"/>
  <testcase name="loginTest" time="22.195" classname="com.orangehrm.testcases.LoginPageTest"/>
</testsuite> <!-- com.orangehrm.testcases.LoginPageTest -->
