<?xml version="1.0" encoding="UTF-8"?>
<!-- Generated by org.testng.reporters.JUnitReportReporter -->
<testsuite skipped="0" hostname="LAPTOP-P9RRP0CT" name="com.orangehrm.testcases.LoginPageTest" tests="2" failures="0" timestamp="19 May 2020 12:26:25 GMT" time="42.010" errors="0">
  <testcase name="LoginPageTitleTest" time="21.845" classname="com.orangehrm.testcases.LoginPageTest"/>
  <testcase name="loginTest" time="20.165" classname="com.orangehrm.testcases.LoginPageTest"/>
</testsuite> <!-- com.orangehrm.testcases.LoginPageTest -->
