<?xml version="1.0" encoding="UTF-8"?>
<!-- Generated by org.testng.reporters.JUnitReportReporter -->
<testsuite skipped="0" hostname="LAPTOP-P9RRP0CT" name="com.orangehrm.testcases.LoginPageTest" tests="2" failures="0" timestamp="01 Jun 2020 13:52:53 GMT" time="41.561" errors="0">
  <testcase name="LoginPageTitleTest" time="20.143" classname="com.orangehrm.testcases.LoginPageTest"/>
  <testcase name="loginTest" time="21.418" classname="com.orangehrm.testcases.LoginPageTest"/>
</testsuite> <!-- com.orangehrm.testcases.LoginPageTest -->
