<?xml version="1.0" encoding="UTF-8"?>
<!-- Generated by org.testng.reporters.JUnitReportReporter -->
<testsuite skipped="0" hostname="LAPTOP-P9RRP0CT" name="com.orangehrm.testcases.Test" tests="1" failures="0" timestamp="05 May 2020 16:57:37 GMT" time="30.471" errors="0">
  <testcase name="test" time="30.471" classname="com.orangehrm.testcases.Test"/>
</testsuite> <!-- com.orangehrm.testcases.Test -->
