<?xml version="1.0" encoding="UTF-8"?>
<!-- Generated by org.testng.reporters.JUnitReportReporter -->
<testsuite skipped="0" hostname="LAPTOP-P9RRP0CT" name="com.orangehrm.testcases.HomePageTest" tests="3" failures="0" timestamp="01 Jun 2020 13:52:53 GMT" time="55.870" errors="0">
  <testcase name="verifyHomePageTitleTest" time="16.376" classname="com.orangehrm.testcases.HomePageTest"/>
  <testcase name="verifyUserNameLabelTest" time="19.156" classname="com.orangehrm.testcases.HomePageTest"/>
  <testcase name="verifyContactsLinkTest" time="20.338" classname="com.orangehrm.testcases.HomePageTest"/>
</testsuite> <!-- com.orangehrm.testcases.HomePageTest -->
