<?xml version="1.0" encoding="UTF-8"?>
<!-- Generated by org.testng.reporters.JUnitReportReporter -->
<testsuite skipped="0" hostname="LAPTOP-P9RRP0CT" name="com.orangehrm.testcases.ContactsPageTest" tests="9" failures="0" timestamp="01 Jun 2020 13:52:53 GMT" time="263.174" errors="0">
  <testcase name="verifyContactsPageLabel" time="19.331" classname="com.orangehrm.testcases.ContactsPageTest"/>
  <testcase name="SelectSingleContactsTest" time="28.151" classname="com.orangehrm.testcases.ContactsPageTest"/>
  <testcase name="SelectMultipleContactsTest" time="28.521" classname="com.orangehrm.testcases.ContactsPageTest"/>
  <testcase name="validateCreateNewContact" time="34.415" classname="com.orangehrm.testcases.ContactsPageTest"/>
  <testcase name="validateCreateNewContact" time="31.344" classname="com.orangehrm.testcases.ContactsPageTest"/>
  <testcase name="validateCreateNewContact" time="29.879" classname="com.orangehrm.testcases.ContactsPageTest"/>
  <testcase name="deleteContact" time="30.531" classname="com.orangehrm.testcases.ContactsPageTest"/>
  <testcase name="deleteContact" time="29.303" classname="com.orangehrm.testcases.ContactsPageTest"/>
  <testcase name="deleteContact" time="31.699" classname="com.orangehrm.testcases.ContactsPageTest"/>
</testsuite> <!-- com.orangehrm.testcases.ContactsPageTest -->
